<?xml version="1.0" encoding="UTF-8"?>
<!-- Generated by org.testng.reporters.JUnitXMLReporter -->
<testsuite ignored="2" hostname="Luckys-Laptop.local" failures="0" tests="4" name="Surefire test" time="8.997" errors="0" timestamp="2024-06-19T11:29:24 IST">
  <testcase classname="api.test.UserTests" name="testPostUser" time="2.377"/>
  <testcase classname="api.test.UserTests" name="testGetUserByName" time="1.6"/>
  <testcase classname="api.test.UserTests" name="testUpdateUserByName" time="3.07"/>
  <testcase classname="api.test.UserTests" name="testDeleteUsrByName" time="1.532"/>
  <testcase classname="api.test.DataDrivenTests" name="testPostUser" time="0.0">
    <ignored/>
  </testcase> <!-- testPostUser -->
  <testcase classname="api.test.DataDrivenTests" name="testDeletUserByUserName" time="0.0">
    <ignored/>
  </testcase> <!-- testDeletUserByUserName -->
</testsuite> <!-- Surefire test -->
