<?xml version="1.0" encoding="UTF-8"?>
<!-- Generated by org.testng.reporters.JUnitXMLReporter -->
<testsuite ignored="0" hostname="Luckys-Laptop.local" failures="0" tests="4" name="Test" time="8.693" errors="0" timestamp="2024-06-19T11:07:20 IST">
  <testcase classname="api.test.UserTests2" name="testPostUser" time="2.311"/>
  <testcase classname="api.test.UserTests2" name="testGetUserByName" time="1.489"/>
  <testcase classname="api.test.UserTests2" name="testUpdateUserByName" time="2.975"/>
  <testcase classname="api.test.UserTests2" name="testDeleteUsrByName" time="1.521"/>
</testsuite> <!-- Test -->
