<?xml version="1.0" encoding="UTF-8"?>
<testng-results ignored="0" total="4" passed="4" failed="0" skipped="0">
  <reporter-output>
  </reporter-output>
  <suite started-at="2024-06-19T11:29:15 IST" name="Surefire suite" finished-at="2024-06-19T11:29:24 IST" duration-ms="8997">
    <groups>
    </groups>
    <test started-at="2024-06-19T11:29:15 IST" name="Surefire test" finished-at="2024-06-19T11:29:24 IST" duration-ms="8997">
      <class name="api.test.UserTests">
        <test-method is-config="true" signature="setupData()[pri:0, instance:api.test.UserTests@358c99f5]" started-at="2024-06-19T11:29:15 IST" name="setupData" description="here we are generating all data for tests" finished-at="2024-06-19T11:29:16 IST" duration-ms="396" status="PASS">
          <reporter-output>
          </reporter-output>
        </test-method> <!-- setupData -->
        <test-method signature="testPostUser()[pri:1, instance:api.test.UserTests@358c99f5]" started-at="2024-06-19T11:29:16 IST" name="testPostUser" finished-at="2024-06-19T11:29:18 IST" duration-ms="2377" status="PASS">
          <reporter-output>
          </reporter-output>
        </test-method> <!-- testPostUser -->
        <test-method signature="testGetUserByName()[pri:2, instance:api.test.UserTests@358c99f5]" started-at="2024-06-19T11:29:18 IST" name="testGetUserByName" finished-at="2024-06-19T11:29:20 IST" duration-ms="1600" status="PASS">
          <reporter-output>
          </reporter-output>
        </test-method> <!-- testGetUserByName -->
        <test-method signature="testUpdateUserByName()[pri:3, instance:api.test.UserTests@358c99f5]" started-at="2024-06-19T11:29:20 IST" name="testUpdateUserByName" finished-at="2024-06-19T11:29:23 IST" duration-ms="3070" status="PASS">
          <reporter-output>
          </reporter-output>
        </test-method> <!-- testUpdateUserByName -->
        <test-method signature="testDeleteUsrByName()[pri:4, instance:api.test.UserTests@358c99f5]" started-at="2024-06-19T11:29:23 IST" name="testDeleteUsrByName" finished-at="2024-06-19T11:29:24 IST" duration-ms="1532" status="PASS">
          <reporter-output>
          </reporter-output>
        </test-method> <!-- testDeleteUsrByName -->
      </class> <!-- api.test.UserTests -->
    </test> <!-- Surefire test -->
  </suite> <!-- Surefire suite -->
</testng-results>
