<?xml version="1.0" encoding="UTF-8"?>
<testng-results ignored="0" total="4" passed="4" failed="0" skipped="0">
  <reporter-output>
  </reporter-output>
  <suite started-at="2024-06-19T11:07:11 IST" name="Suite" finished-at="2024-06-19T11:07:20 IST" duration-ms="8693">
    <groups>
    </groups>
    <test started-at="2024-06-19T11:07:11 IST" name="Test" finished-at="2024-06-19T11:07:20 IST" duration-ms="8693">
      <class name="api.test.UserTests2">
        <test-method is-config="true" signature="setupData()[pri:0, instance:api.test.UserTests2@5876a9af]" started-at="2024-06-19T11:07:11 IST" name="setupData" description="here we are generating all data for tests" finished-at="2024-06-19T11:07:12 IST" duration-ms="367" status="PASS">
          <reporter-output>
          </reporter-output>
        </test-method> <!-- setupData -->
        <test-method signature="testPostUser()[pri:1, instance:api.test.UserTests2@5876a9af]" started-at="2024-06-19T11:07:12 IST" name="testPostUser" finished-at="2024-06-19T11:07:14 IST" duration-ms="2311" status="PASS">
          <reporter-output>
          </reporter-output>
        </test-method> <!-- testPostUser -->
        <test-method signature="testGetUserByName()[pri:2, instance:api.test.UserTests2@5876a9af]" started-at="2024-06-19T11:07:14 IST" name="testGetUserByName" finished-at="2024-06-19T11:07:16 IST" duration-ms="1489" status="PASS">
          <reporter-output>
          </reporter-output>
        </test-method> <!-- testGetUserByName -->
        <test-method signature="testUpdateUserByName()[pri:3, instance:api.test.UserTests2@5876a9af]" started-at="2024-06-19T11:07:16 IST" name="testUpdateUserByName" finished-at="2024-06-19T11:07:19 IST" duration-ms="2975" status="PASS">
          <reporter-output>
          </reporter-output>
        </test-method> <!-- testUpdateUserByName -->
        <test-method signature="testDeleteUsrByName()[pri:4, instance:api.test.UserTests2@5876a9af]" started-at="2024-06-19T11:07:19 IST" name="testDeleteUsrByName" finished-at="2024-06-19T11:07:20 IST" duration-ms="1521" status="PASS">
          <reporter-output>
          </reporter-output>
        </test-method> <!-- testDeleteUsrByName -->
      </class> <!-- api.test.UserTests2 -->
    </test> <!-- Test -->
  </suite> <!-- Suite -->
</testng-results>
